#
# A fatal error has been detected by the Java Runtime Environment:
#
#  EXCEPTION_UNCAUGHT_CXX_EXCEPTION (0xe06d7363) at pc=0x77022eec, pid=6800, tid=2992
#
# JRE version: 7.0_21-b11
# Java VM: Java HotSpot(TM) Client VM (23.21-b01 mixed mode windows-x86 )
# Problematic frame:
# C  [KERNELBASE.dll+0x12eec]
#
# Failed to write core dump. Minidumps are not enabled by default on client versions of Windows
#
# If you would like to submit a bug report, please visit:
#   http://bugreport.sun.com/bugreport/crash.jsp
# The crash happened outside the Java Virtual Machine in native code.
# See problematic frame for where to report the bug.
#

---------------  T H R E A D  ---------------

Current thread (0x1a343800):  JavaThread "MainServer-physic-dispatcher-13" [_thread_in_native, id=2992, stack(0x1b560000,0x1b5b0000)]

siginfo: ExceptionCode=0xe06d7363, ExceptionInformation=0x19930520 0x1b5af04c 0x1c0aab8c 

Registers:
EAX=0x1b5aef80, EBX=0x148632c0, ECX=0x00000003, EDX=0x00000000
ESP=0x1b5aef80, EBP=0x1b5aefdc, ESI=0x514bf23c, EDI=0x1b5af01c
EIP=0x77022eec, EFLAGS=0x00000212

Top of Stack: (sp=0x1b5aef80)
0x1b5aef80:   e06d7363 00000001 00000000 77022eec
0x1b5aef90:   00000003 19930520 1b5af04c 1c0aab8c
0x1b5aefa0:   cccccccc cccccccc cccccccc cccccccc
0x1b5aefb0:   cccccccc cccccccc cccccccc cccccccc
0x1b5aefc0:   cccccccc cccccccc cccccccc cccccccc
0x1b5aefd0:   cccccccc de5e6f25 cccccccc 1b5af028
0x1b5aefe0:   515bda08 e06d7363 00000001 00000003
0x1b5aeff0:   1b5af010 1b5af168 1b5af038 e06d7363 

Instructions: (pc=0x77022eec)
0x77022ecc:   e0 01 c7 44 24 0c a4 2e 02 77 89 44 24 04 85 c9
0x77022edc:   75 1f 21 4c 24 10 8d 04 24 50 ff 15 28 03 0d 77
0x77022eec:   8b 4c 24 54 33 cc e8 9d a2 ff ff 8b e5 5d c2 10
0x77022efc:   00 8b 45 10 83 f8 0f 77 18 89 44 24 10 c1 e0 02 


Register to memory mapping:

EAX=0x1b5aef80 is pointing into the stack for thread: 0x1a343800
EBX=0x148632c0 is an oop
{method} 
 - klass: {other class}
ECX=0x00000003 is an unknown value
EDX=0x00000000 is an unknown value
ESP=0x1b5aef80 is pointing into the stack for thread: 0x1a343800
EBP=0x1b5aefdc is pointing into the stack for thread: 0x1a343800
ESI=0x514bf23c is an unknown value
EDI=0x1b5af01c is pointing into the stack for thread: 0x1a343800


Stack: [0x1b560000,0x1b5b0000],  sp=0x1b5aef80,  free space=315k
Native frames: (J=compiled Java code, j=interpreted, Vv=VM code, C=native code)
C  [KERNELBASE.dll+0x12eec]
C  [MSVCR110D.dll+0x11da08]
C  [Server.dll+0x1d9ca]
C  [Server.dll+0x1cf8b]
C  [Server.dll+0x1ad07]
C  [Server.dll+0x286a]
j  fr.kissy.hellion.server.service.PhysicService.entitiesUpdates()[B+0
j  fr.kissy.hellion.server.actor.PhysicActor.onReceive(Ljava/lang/Object;)V+105
j  akka.actor.UntypedActor$$anonfun$receive$1.applyOrElse(Ljava/lang/Object;Lscala/Function1;)Ljava/lang/Object;+7
j  akka.actor.Actor$class.aroundReceive(Lakka/actor/Actor;Lscala/PartialFunction;Ljava/lang/Object;)V+10
j  akka.actor.UntypedActor.aroundReceive(Lscala/PartialFunction;Ljava/lang/Object;)V+3
j  akka.actor.ActorCell.receiveMessage(Ljava/lang/Object;)V+15
j  akka.actor.ActorCell.invoke(Lakka/dispatch/Envelope;)V+39
j  akka.dispatch.Mailbox.processMailbox(IJ)V+24
j  akka.dispatch.Mailbox.run()V+20
j  java.util.concurrent.ThreadPoolExecutor.runWorker(Ljava/util/concurrent/ThreadPoolExecutor$Worker;)V+95
j  java.util.concurrent.ThreadPoolExecutor$Worker.run()V+5
j  java.lang.Thread.run()V+11
v  ~StubRoutines::call_stub
V  [jvm.dll+0x12b41a]
V  [jvm.dll+0x1daa0e]
V  [jvm.dll+0x12b603]
V  [jvm.dll+0x12b667]
V  [jvm.dll+0xd36bf]
V  [jvm.dll+0x14b777]
V  [jvm.dll+0x14b8e0]
V  [jvm.dll+0x1802a9]
C  [msvcr100.dll+0x5c6de]
C  [msvcr100.dll+0x5c788]
C  [KERNEL32.DLL+0x1495d]
C  [ntdll.dll+0x498ee]
C  [ntdll.dll+0x498c4]

Java frames: (J=compiled Java code, j=interpreted, Vv=VM code)
j  fr.kissy.hellion.server.service.PhysicService.entitiesUpdates()[B+0
j  fr.kissy.hellion.server.actor.PhysicActor.onReceive(Ljava/lang/Object;)V+105
j  akka.actor.UntypedActor$$anonfun$receive$1.applyOrElse(Ljava/lang/Object;Lscala/Function1;)Ljava/lang/Object;+7
j  akka.actor.Actor$class.aroundReceive(Lakka/actor/Actor;Lscala/PartialFunction;Ljava/lang/Object;)V+10
j  akka.actor.UntypedActor.aroundReceive(Lscala/PartialFunction;Ljava/lang/Object;)V+3
j  akka.actor.ActorCell.receiveMessage(Ljava/lang/Object;)V+15
j  akka.actor.ActorCell.invoke(Lakka/dispatch/Envelope;)V+39
j  akka.dispatch.Mailbox.processMailbox(IJ)V+24
j  akka.dispatch.Mailbox.run()V+20
j  java.util.concurrent.ThreadPoolExecutor.runWorker(Ljava/util/concurrent/ThreadPoolExecutor$Worker;)V+95
j  java.util.concurrent.ThreadPoolExecutor$Worker.run()V+5
j  java.lang.Thread.run()V+11
v  ~StubRoutines::call_stub

---------------  P R O C E S S  ---------------

Java Threads: ( => current thread )
  0x1a343000 JavaThread "MainServer-akka.io.pinned-dispatcher-19" [_thread_in_native, id=6484, stack(0x1c530000,0x1c580000)]
  0x1a346800 JavaThread "DestroyJavaVM" [_thread_blocked, id=6748, stack(0x007c0000,0x00810000)]
  0x1a345c00 JavaThread "MainServer-akka.actor.default-dispatcher-18" [_thread_blocked, id=2192, stack(0x1b830000,0x1b880000)]
  0x1a345000 JavaThread "MainServer-akka.actor.default-dispatcher-17" [_thread_blocked, id=4592, stack(0x1b7a0000,0x1b7f0000)]
  0x1a345400 JavaThread "MainServer-akka.actor.default-dispatcher-16" [_thread_blocked, id=5032, stack(0x1b710000,0x1b760000)]
  0x1a344800 JavaThread "MainServer-akka.actor.default-dispatcher-15" [_thread_blocked, id=3376, stack(0x1b680000,0x1b6d0000)]
  0x1a346400 JavaThread "MainServer-akka.actor.default-dispatcher-14" [_thread_blocked, id=4260, stack(0x1b5f0000,0x1b640000)]
=>0x1a343800 JavaThread "MainServer-physic-dispatcher-13" [_thread_in_native, id=2992, stack(0x1b560000,0x1b5b0000)]
  0x1a343c00 JavaThread "New I/O server boss #6" [_thread_in_native, id=6948, stack(0x1b4d0000,0x1b520000)]
  0x19e8b800 JavaThread "New I/O worker #5" [_thread_in_native, id=5536, stack(0x1b440000,0x1b490000)]
  0x19e8b400 JavaThread "New I/O worker #4" [_thread_in_native, id=3720, stack(0x1b3b0000,0x1b400000)]
  0x19e89c00 JavaThread "New I/O boss #3" [_thread_in_native, id=6224, stack(0x1b320000,0x1b370000)]
  0x19e72800 JavaThread "New I/O worker #2" [_thread_in_native, id=2836, stack(0x1a2c0000,0x1a310000)]
  0x19e70800 JavaThread "New I/O worker #1" [_thread_in_native, id=5976, stack(0x1a230000,0x1a280000)]
  0x19e2b400 JavaThread "MainServer-akka.actor.default-dispatcher-5" [_thread_blocked, id=2484, stack(0x1a1a0000,0x1a1f0000)]
  0x19de4800 JavaThread "MainServer-akka.actor.default-dispatcher-4" [_thread_blocked, id=2700, stack(0x1a110000,0x1a160000)]
  0x19d8f800 JavaThread "MainServer-akka.actor.default-dispatcher-3" [_thread_blocked, id=4876, stack(0x1a080000,0x1a0d0000)]
  0x19d83c00 JavaThread "MainServer-akka.actor.default-dispatcher-2" [_thread_blocked, id=6588, stack(0x19ff0000,0x1a040000)]
  0x18dc5000 JavaThread "MainServer-scheduler-1" [_thread_blocked, id=5644, stack(0x19f60000,0x19fb0000)]
  0x18f6a800 JavaThread "MongoCleaner7450291" daemon [_thread_blocked, id=6084, stack(0x19ed0000,0x19f20000)]
  0x18599400 JavaThread "Service Thread" daemon [_thread_blocked, id=1268, stack(0x18ad0000,0x18b20000)]
  0x18592c00 JavaThread "C1 CompilerThread0" daemon [_thread_blocked, id=4572, stack(0x18a40000,0x18a90000)]
  0x18588000 JavaThread "JDWP Command Reader" daemon [_thread_in_native, id=5200, stack(0x189b0000,0x18a00000)]
  0x18582c00 JavaThread "JDWP Event Helper Thread" daemon [_thread_blocked, id=4048, stack(0x18920000,0x18970000)]
  0x1857a800 JavaThread "JDWP Transport Listener: dt_socket" daemon [_thread_blocked, id=6864, stack(0x18890000,0x188e0000)]
  0x18574000 JavaThread "Attach Listener" daemon [_thread_blocked, id=5576, stack(0x18800000,0x18850000)]
  0x18572000 JavaThread "Signal Dispatcher" daemon [_thread_blocked, id=3180, stack(0x18770000,0x187c0000)]
  0x021c7400 JavaThread "Finalizer" daemon [_thread_blocked, id=6764, stack(0x184e0000,0x18530000)]
  0x021c2400 JavaThread "Reference Handler" daemon [_thread_blocked, id=5656, stack(0x18450000,0x184a0000)]

Other Threads:
  0x021bac00 VMThread [stack: 0x183c0000,0x18410000] [id=4900]
  0x1859b400 WatcherThread [stack: 0x18b60000,0x18bb0000] [id=6492]

VM state:not at safepoint (normal execution)

VM Mutex/Monitor currently owned by a thread: None

Heap
 def new generation   total 5056K, used 995K [0x04270000, 0x047e0000, 0x097c0000)
  eden space 4544K,  10% used [0x04270000, 0x042e8c10, 0x046e0000)
  from space 512K,  99% used [0x04760000, 0x047dfff8, 0x047e0000)
  to   space 512K,   0% used [0x046e0000, 0x046e0000, 0x04760000)
 tenured generation   total 10944K, used 7086K [0x097c0000, 0x0a270000, 0x14270000)
   the space 10944K,  64% used [0x097c0000, 0x09eab858, 0x09eaba00, 0x0a270000)
 compacting perm gen  total 18944K, used 18858K [0x14270000, 0x154f0000, 0x18270000)
   the space 18944K,  99% used [0x14270000, 0x154dab00, 0x154dac00, 0x154f0000)
No shared spaces configured.

Card table byte_map: [0x18270000,0x18320000] byte_map_base: 0x1824ec80

Polling page: 0x00850000

Code Cache  [0x02270000, 0x02470000, 0x04270000)
 total_blobs=995 nmethods=828 adapters=109 free_code_cache=30741Kb largest_free_block=31477888

Compilation events (10 events):
Event: 8.028 Thread 0x18592c00  837  s          java.io.DataOutputStream::write (16 bytes)
Event: 8.028 Thread 0x18592c00 nmethod 837 0x02469248 code [0x02469350, 0x0246955c]
Event: 8.028 Thread 0x18592c00  838             sun.security.provider.SHA::implCompress (491 bytes)
Event: 8.029 Thread 0x18592c00 nmethod 838 0x02469608 code [0x02469760, 0x02469cec]
Event: 8.072 Thread 0x18592c00  839             java.net.URI$Parser::charAt (9 bytes)
Event: 8.072 Thread 0x18592c00 nmethod 839 0x0246a588 code [0x0246a6a0, 0x0246a7ec]
Event: 8.073 Thread 0x18592c00  840             scala.Tuple2::_2 (5 bytes)
Event: 8.073 Thread 0x18592c00 nmethod 840 0x0246a9c8 code [0x0246aac0, 0x0246ab40]
Event: 8.113 Thread 0x18592c00  841             scala.concurrent.forkjoin.ForkJoinPool$WorkQueue::runTask (60 bytes)
Event: 8.113 Thread 0x18592c00 nmethod 841 0x0246ab88 code [0x0246acb0, 0x0246ae10]

GC Heap History (10 events):
Event: 2.608 GC heap before
{Heap before GC invocations=27 (full 1):
 def new generation   total 5056K, used 4544K [0x04270000, 0x047e0000, 0x097c0000)
  eden space 4544K, 100% used [0x04270000, 0x046e0000, 0x046e0000)
  from space 512K,   0% used [0x046e0000, 0x046e0000, 0x04760000)
  to   space 512K,   0% used [0x04760000, 0x04760000, 0x047e0000)
 tenured generation   total 10944K, used 5504K [0x097c0000, 0x0a270000, 0x14270000)
   the space 10944K,  50% used [0x097c0000, 0x09d20158, 0x09d20200, 0x0a270000)
 compacting perm gen  total 16640K, used 16481K [0x14270000, 0x152b0000, 0x18270000)
   the space 16640K,  99% used [0x14270000, 0x15288650, 0x15288800, 0x152b0000)
No shared spaces configured.
Event: 2.610 GC heap after
Heap after GC invocations=28 (full 1):
 def new generation   total 5056K, used 512K [0x04270000, 0x047e0000, 0x097c0000)
  eden space 4544K,   0% used [0x04270000, 0x04270000, 0x046e0000)
  from space 512K, 100% used [0x04760000, 0x047e0000, 0x047e0000)
  to   space 512K,   0% used [0x046e0000, 0x046e0000, 0x04760000)
 tenured generation   total 10944K, used 5511K [0x097c0000, 0x0a270000, 0x14270000)
   the space 10944K,  50% used [0x097c0000, 0x09d21cc0, 0x09d21e00, 0x0a270000)
 compacting perm gen  total 16640K, used 16481K [0x14270000, 0x152b0000, 0x18270000)
   the space 16640K,  99% used [0x14270000, 0x15288650, 0x15288800, 0x152b0000)
No shared spaces configured.
}
Event: 2.693 GC heap before
{Heap before GC invocations=28 (full 1):
 def new generation   total 5056K, used 5056K [0x04270000, 0x047e0000, 0x097c0000)
  eden space 4544K, 100% used [0x04270000, 0x046e0000, 0x046e0000)
  from space 512K, 100% used [0x04760000, 0x047e0000, 0x047e0000)
  to   space 512K,   0% used [0x046e0000, 0x046e0000, 0x04760000)
 tenured generation   total 10944K, used 5512K [0x097c0000, 0x0a270000, 0x14270000)
   the space 10944K,  50% used [0x097c0000, 0x09d22230, 0x09d22400, 0x0a270000)
 compacting perm gen  total 16896K, used 16859K [0x14270000, 0x152f0000, 0x18270000)
   the space 16896K,  99% used [0x14270000, 0x152e6c60, 0x152e6e00, 0x152f0000)
No shared spaces configured.
Event: 2.696 GC heap after
Heap after GC invocations=29 (full 1):
 def new generation   total 5056K, used 511K [0x04270000, 0x047e0000, 0x097c0000)
  eden space 4544K,   0% used [0x04270000, 0x04270000, 0x046e0000)
  from space 512K,  99% used [0x046e0000, 0x0475fff8, 0x04760000)
  to   space 512K,   0% used [0x04760000, 0x04760000, 0x047e0000)
 tenured generation   total 10944K, used 6062K [0x097c0000, 0x0a270000, 0x14270000)
   the space 10944K,  55% used [0x097c0000, 0x09dab9a0, 0x09daba00, 0x0a270000)
 compacting perm gen  total 16896K, used 16859K [0x14270000, 0x152f0000, 0x18270000)
   the space 16896K,  99% used [0x14270000, 0x152e6c60, 0x152e6e00, 0x152f0000)
No shared spaces configured.
}
Event: 7.816 GC heap before
{Heap before GC invocations=29 (full 1):
 def new generation   total 5056K, used 5055K [0x04270000, 0x047e0000, 0x097c0000)
  eden space 4544K, 100% used [0x04270000, 0x046e0000, 0x046e0000)
  from space 512K,  99% used [0x046e0000, 0x0475fff8, 0x04760000)
  to   space 512K,   0% used [0x04760000, 0x04760000, 0x047e0000)
 tenured generation   total 10944K, used 6062K [0x097c0000, 0x0a270000, 0x14270000)
   the space 10944K,  55% used [0x097c0000, 0x09dab9a0, 0x09daba00, 0x0a270000)
 compacting perm gen  total 17664K, used 17424K [0x14270000, 0x153b0000, 0x18270000)
   the space 17664K,  98% used [0x14270000, 0x153742b8, 0x15374400, 0x153b0000)
No shared spaces configured.
Event: 7.820 GC heap after
Heap after GC invocations=30 (full 1):
 def new generation   total 5056K, used 512K [0x04270000, 0x047e0000, 0x097c0000)
  eden space 4544K,   0% used [0x04270000, 0x04270000, 0x046e0000)
  from space 512K, 100% used [0x04760000, 0x047e0000, 0x047e0000)
  to   space 512K,   0% used [0x046e0000, 0x046e0000, 0x04760000)
 tenured generation   total 10944K, used 6446K [0x097c0000, 0x0a270000, 0x14270000)
   the space 10944K,  58% used [0x097c0000, 0x09e0b980, 0x09e0ba00, 0x0a270000)
 compacting perm gen  total 17664K, used 17424K [0x14270000, 0x153b0000, 0x18270000)
   the space 17664K,  98% used [0x14270000, 0x153742b8, 0x15374400, 0x153b0000)
No shared spaces configured.
}
Event: 7.909 GC heap before
{Heap before GC invocations=30 (full 1):
 def new generation   total 5056K, used 5056K [0x04270000, 0x047e0000, 0x097c0000)
  eden space 4544K, 100% used [0x04270000, 0x046e0000, 0x046e0000)
  from space 512K, 100% used [0x04760000, 0x047e0000, 0x047e0000)
  to   space 512K,   0% used [0x046e0000, 0x046e0000, 0x04760000)
 tenured generation   total 10944K, used 6446K [0x097c0000, 0x0a270000, 0x14270000)
   the space 10944K,  58% used [0x097c0000, 0x09e0b980, 0x09e0ba00, 0x0a270000)
 compacting perm gen  total 18176K, used 18003K [0x14270000, 0x15430000, 0x18270000)
   the space 18176K,  99% used [0x14270000, 0x15404da0, 0x15404e00, 0x15430000)
No shared spaces configured.
Event: 7.911 GC heap after
Heap after GC invocations=31 (full 1):
 def new generation   total 5056K, used 511K [0x04270000, 0x047e0000, 0x097c0000)
  eden space 4544K,   0% used [0x04270000, 0x04270000, 0x046e0000)
  from space 512K,  99% used [0x046e0000, 0x0475fff8, 0x04760000)
  to   space 512K,   0% used [0x04760000, 0x04760000, 0x047e0000)
 tenured generation   total 10944K, used 6777K [0x097c0000, 0x0a270000, 0x14270000)
   the space 10944K,  61% used [0x097c0000, 0x09e5e750, 0x09e5e800, 0x0a270000)
 compacting perm gen  total 18176K, used 18003K [0x14270000, 0x15430000, 0x18270000)
   the space 18176K,  99% used [0x14270000, 0x15404da0, 0x15404e00, 0x15430000)
No shared spaces configured.
}
Event: 8.032 GC heap before
{Heap before GC invocations=31 (full 1):
 def new generation   total 5056K, used 5055K [0x04270000, 0x047e0000, 0x097c0000)
  eden space 4544K, 100% used [0x04270000, 0x046e0000, 0x046e0000)
  from space 512K,  99% used [0x046e0000, 0x0475fff8, 0x04760000)
  to   space 512K,   0% used [0x04760000, 0x04760000, 0x047e0000)
 tenured generation   total 10944K, used 6777K [0x097c0000, 0x0a270000, 0x14270000)
   the space 10944K,  61% used [0x097c0000, 0x09e5e750, 0x09e5e800, 0x0a270000)
 compacting perm gen  total 18944K, used 18792K [0x14270000, 0x154f0000, 0x18270000)
   the space 18944K,  99% used [0x14270000, 0x154ca088, 0x154ca200, 0x154f0000)
No shared spaces configured.
Event: 8.035 GC heap after
Heap after GC invocations=32 (full 1):
 def new generation   total 5056K, used 511K [0x04270000, 0x047e0000, 0x097c0000)
  eden space 4544K,   0% used [0x04270000, 0x04270000, 0x046e0000)
  from space 512K,  99% used [0x04760000, 0x047dfff8, 0x047e0000)
  to   space 512K,   0% used [0x046e0000, 0x046e0000, 0x04760000)
 tenured generation   total 10944K, used 7086K [0x097c0000, 0x0a270000, 0x14270000)
   the space 10944K,  64% used [0x097c0000, 0x09eab858, 0x09eaba00, 0x0a270000)
 compacting perm gen  total 18944K, used 18792K [0x14270000, 0x154f0000, 0x18270000)
   the space 18944K,  99% used [0x14270000, 0x154ca088, 0x154ca200, 0x154f0000)
No shared spaces configured.
}

Deoptimization events (0 events):
No events

Internal exceptions (10 events):
Event: 8.043 Thread 0x19de4800 Threw 0x0428bc88 at C:\jdk7u2_32P\jdk7u21\hotspot\src\share\vm\prims\jvm.cpp:1166
Event: 8.044 Thread 0x19de4800 Threw 0x04291f50 at C:\jdk7u2_32P\jdk7u21\hotspot\src\share\vm\prims\jvm.cpp:1166
Event: 8.046 Thread 0x19de4800 Threw 0x042a6f80 at C:\jdk7u2_32P\jdk7u21\hotspot\src\share\vm\prims\jvm.cpp:1166
Event: 8.046 Thread 0x19de4800 Threw 0x042ac4f0 at C:\jdk7u2_32P\jdk7u21\hotspot\src\share\vm\prims\jvm.cpp:1166
Event: 8.047 Thread 0x19de4800 Threw 0x042b4398 at C:\jdk7u2_32P\jdk7u21\hotspot\src\share\vm\prims\jvm.cpp:1166
Event: 8.047 Thread 0x19de4800 Threw 0x042bbfb0 at C:\jdk7u2_32P\jdk7u21\hotspot\src\share\vm\prims\jvm.cpp:1166
Event: 8.072 Thread 0x19d8f800 Threw 0x042d2648 at C:\jdk7u2_32P\jdk7u21\hotspot\src\share\vm\prims\jni.cpp:1631
Event: 8.113 Thread 0x19e2b400 Threw 0x042d5c08 at C:\jdk7u2_32P\jdk7u21\hotspot\src\share\vm\prims\jvm.cpp:1166
Event: 8.114 Thread 0x19e2b400 Threw 0x042dbf30 at C:\jdk7u2_32P\jdk7u21\hotspot\src\share\vm\prims\jvm.cpp:1166
Event: 8.114 Thread 0x19e2b400 Threw 0x042e2110 at C:\jdk7u2_32P\jdk7u21\hotspot\src\share\vm\prims\jvm.cpp:1166

Events (10 events):
Event: 8.114 Thread 0x19e2b400 DEOPT PACKING pc=0x0236f0d4 sp=0x1a1eecc0
Event: 8.114 Thread 0x19e2b400 DEOPT UNPACKING pc=0x0229cdb9 sp=0x1a1eebb8 mode 1
Event: 8.114 Thread 0x19e2b400 DEOPT PACKING pc=0x0236eda8 sp=0x1a1eed10
Event: 8.114 Thread 0x19e2b400 DEOPT UNPACKING pc=0x0229cdb9 sp=0x1a1eebe8 mode 1
Event: 8.114 Thread 0x19e2b400 DEOPT PACKING pc=0x0236e7e4 sp=0x1a1ef070
Event: 8.114 Thread 0x19e2b400 DEOPT UNPACKING pc=0x0229cdb9 sp=0x1a1eef4c mode 1
Event: 8.114 Thread 0x19e2b400 DEOPT PACKING pc=0x02356630 sp=0x1a1ef0a0
Event: 8.114 Thread 0x19e2b400 DEOPT UNPACKING pc=0x0229cdb9 sp=0x1a1eeff8 mode 1
Event: 8.114 Thread 0x19e2b400 DEOPT PACKING pc=0x0235659c sp=0x1a1ef170
Event: 8.114 Thread 0x19e2b400 DEOPT UNPACKING pc=0x0229cdb9 sp=0x1a1ef0c8 mode 1


Dynamic libraries:
0x00220000 - 0x0024f000 	C:\Program Files (x86)\Java\jdk1.7.0_21\bin\java.exe
0x77a50000 - 0x77bb8000 	C:\WINDOWS\SYSTEM32\ntdll.dll
0x76ed0000 - 0x77010000 	C:\WINDOWS\SYSTEM32\KERNEL32.DLL
0x77010000 - 0x770df000 	C:\WINDOWS\SYSTEM32\KERNELBASE.dll
0x750f0000 - 0x7518a000 	C:\WINDOWS\system32\apphelp.dll
0x70710000 - 0x70963000 	C:\WINDOWS\AppPatch\AcGenral.DLL
0x776b0000 - 0x7776e000 	C:\WINDOWS\SYSTEM32\msvcrt.dll
0x77300000 - 0x7733e000 	C:\WINDOWS\SYSTEM32\sechost.dll
0x75480000 - 0x7549d000 	C:\WINDOWS\SYSTEM32\SspiCli.dll
0x76840000 - 0x76881000 	C:\WINDOWS\SYSTEM32\SHLWAPI.dll
0x74a80000 - 0x74b5c000 	C:\WINDOWS\SYSTEM32\UxTheme.dll
0x774d0000 - 0x7761f000 	C:\WINDOWS\SYSTEM32\USER32.dll
0x76890000 - 0x76998000 	C:\WINDOWS\SYSTEM32\GDI32.dll
0x72b20000 - 0x72b40000 	C:\WINDOWS\SYSTEM32\WINMM.dll
0x706f0000 - 0x70702000 	C:\WINDOWS\SYSTEM32\samcli.dll
0x76dc0000 - 0x76ecb000 	C:\WINDOWS\SYSTEM32\ole32.dll
0x76bb0000 - 0x76c37000 	C:\WINDOWS\SYSTEM32\OLEAUT32.dll
0x64610000 - 0x64625000 	C:\WINDOWS\SYSTEM32\MSACM32.dll
0x74640000 - 0x74648000 	C:\WINDOWS\SYSTEM32\VERSION.dll
0x754a0000 - 0x76643000 	C:\WINDOWS\SYSTEM32\SHELL32.dll
0x72b40000 - 0x72b59000 	C:\WINDOWS\SYSTEM32\USERENV.dll
0x74d70000 - 0x74d89000 	C:\WINDOWS\SYSTEM32\dwmapi.dll
0x74900000 - 0x74a25000 	C:\WINDOWS\SYSTEM32\urlmon.dll
0x76b30000 - 0x76ba7000 	C:\WINDOWS\SYSTEM32\ADVAPI32.dll
0x6c6e0000 - 0x6c73e000 	C:\WINDOWS\SYSTEM32\WINSPOOL.DRV
0x72c80000 - 0x72c94000 	C:\WINDOWS\SYSTEM32\MPR.dll
0x770f0000 - 0x771a1000 	C:\WINDOWS\SYSTEM32\RPCRT4.dll
0x75470000 - 0x75479000 	C:\WINDOWS\SYSTEM32\CRYPTBASE.dll
0x77370000 - 0x774be000 	C:\WINDOWS\SYSTEM32\combase.dll
0x72b00000 - 0x72b20000 	C:\WINDOWS\SYSTEM32\WINMMBASE.dll
0x751a0000 - 0x751ae000 	C:\WINDOWS\SYSTEM32\profapi.dll
0x74e50000 - 0x75065000 	C:\WINDOWS\SYSTEM32\iertutil.dll
0x74730000 - 0x748f4000 	C:\WINDOWS\SYSTEM32\WININET.dll
0x75410000 - 0x75461000 	C:\WINDOWS\SYSTEM32\bcryptPrimitives.dll
0x771b0000 - 0x771ea000 	C:\WINDOWS\SYSTEM32\cfgmgr32.dll
0x70330000 - 0x7034f000 	C:\WINDOWS\SYSTEM32\DEVOBJ.dll
0x751b0000 - 0x75227000 	C:\WINDOWS\SYSTEM32\SHCORE.DLL
0x77340000 - 0x77365000 	C:\WINDOWS\system32\IMM32.DLL
0x771f0000 - 0x772e7000 	C:\WINDOWS\SYSTEM32\MSCTF.dll
0x72790000 - 0x72975000 	C:\WINDOWS\WinSxS\x86_microsoft.windows.common-controls_6595b64144ccf1df_6.0.9600.16384_none_a9f4965301334e09\COMCTL32.dll
0x542a0000 - 0x5435e000 	C:\Program Files (x86)\Java\jdk1.7.0_21\jre\bin\msvcr100.dll
0x51720000 - 0x51a6f000 	C:\Program Files (x86)\Java\jdk1.7.0_21\jre\bin\client\jvm.dll
0x75190000 - 0x75198000 	C:\WINDOWS\SYSTEM32\WSOCK32.dll
0x770e0000 - 0x770e6000 	C:\WINDOWS\SYSTEM32\PSAPI.DLL
0x766a0000 - 0x766ed000 	C:\WINDOWS\SYSTEM32\WS2_32.dll
0x777c0000 - 0x777c7000 	C:\WINDOWS\SYSTEM32\NSI.dll
0x739d0000 - 0x739dc000 	C:\Program Files (x86)\Java\jdk1.7.0_21\jre\bin\verify.dll
0x716f0000 - 0x71710000 	C:\Program Files (x86)\Java\jdk1.7.0_21\jre\bin\java.dll
0x716c0000 - 0x716ea000 	C:\Program Files (x86)\Java\jdk1.7.0_21\jre\bin\jdwp.dll
0x716b0000 - 0x716b7000 	C:\Program Files (x86)\Java\jdk1.7.0_21\jre\bin\npt.dll
0x702d0000 - 0x702e3000 	C:\Program Files (x86)\Java\jdk1.7.0_21\jre\bin\zip.dll
0x716a0000 - 0x716a8000 	C:\Program Files (x86)\Java\jdk1.7.0_21\jre\bin\dt_socket.dll
0x75300000 - 0x75345000 	C:\WINDOWS\system32\mswsock.dll
0x702b0000 - 0x702c4000 	C:\Program Files (x86)\Java\jdk1.7.0_21\jre\bin\net.dll
0x74d30000 - 0x74d40000 	C:\WINDOWS\system32\napinsp.dll
0x74d10000 - 0x74d24000 	C:\WINDOWS\system32\pnrpnsp.dll
0x74cf0000 - 0x74d02000 	C:\WINDOWS\system32\NLAapi.dll
0x74c70000 - 0x74cec000 	C:\WINDOWS\SYSTEM32\DNSAPI.dll
0x74c60000 - 0x74c69000 	C:\WINDOWS\System32\winrnr.dll
0x74c00000 - 0x74c07000 	C:\Windows\System32\rasadhlp.dll
0x75240000 - 0x7525e000 	C:\WINDOWS\SYSTEM32\IPHLPAPI.DLL
0x75230000 - 0x75238000 	C:\WINDOWS\SYSTEM32\WINNSI.DLL
0x74c10000 - 0x74c54000 	C:\WINDOWS\System32\fwpuclnt.dll
0x60c10000 - 0x60c1e000 	C:\Program Files (x86)\Java\jdk1.7.0_21\jre\bin\nio.dll
0x71d90000 - 0x71da2000 	C:\WINDOWS\SYSTEM32\dhcpcsvc6.DLL
0x6e760000 - 0x6e773000 	C:\WINDOWS\SYSTEM32\dhcpcsvc.DLL
0x60c00000 - 0x60c0a000 	C:\Program Files (x86)\Java\jdk1.7.0_21\jre\bin\management.dll
0x74b60000 - 0x74b78000 	C:\WINDOWS\SYSTEM32\CRYPTSP.dll
0x74a50000 - 0x74a7f000 	C:\WINDOWS\system32\rsaenh.dll
0x74a30000 - 0x74a4d000 	C:\WINDOWS\SYSTEM32\bcrypt.dll
0x1b880000 - 0x1c12e000 	D:\My Documents\Build\hellion-game\Debug\Server.dll
0x51650000 - 0x5171b000 	C:\WINDOWS\SYSTEM32\MSVCP110D.dll
0x514a0000 - 0x51641000 	C:\WINDOWS\SYSTEM32\MSVCR110D.dll
0x729b0000 - 0x72af8000 	C:\WINDOWS\SYSTEM32\dbghelp.dll

VM Arguments:
jvm_args: -agentlib:jdwp=transport=dt_socket,address=127.0.0.1:18770,suspend=y,server=n -Dfile.encoding=UTF-8 
java_command: fr.kissy.hellion.server.Main
Launcher Type: SUN_STANDARD

Environment Variables:
JAVA_HOME=C:\Program Files (x86)\Java\jdk1.7.0_21\jre
PATH=C:\Program Files (x86)\NVIDIA Corporation\PhysX\Common;C:\Program Files (x86)\Intel\iCLS Client\;C:\Program Files\Intel\iCLS Client\;C:\WINDOWS\system32;C:\WINDOWS;C:\WINDOWS\System32\Wbem;C:\WINDOWS\System32\WindowsPowerShell\v1.0\;C:\Program Files\Microsoft SQL Server\110\Tools\Binn\;C:\Program Files (x86)\Java\jdk1.7.0_21\bin;C:\Program Files (x86)\Java\apache-maven-3.0.5\bin\;C:\Users\Guillaume\AppData\Local\GitHub\PortableGit_015aa71ef18c047ce8509ffb2f9e4bb0e3e73f13\bin;C:\Program Files (x86)\git\cmd;C:\Program Files (x86)\CMake 2.8\bin;D:\My Documents\SDK\XsltProc;C:\Users\Guillaume\.cygwin\bin;C:\Program Files (x86)\Windows Kits\8.1\Windows Performance Toolkit\
USERNAME=Guillaume
OS=Windows_NT
PROCESSOR_IDENTIFIER=Intel64 Family 6 Model 42 Stepping 7, GenuineIntel



---------------  S Y S T E M  ---------------

OS: Windows 8 , 64 bit Build 9200 

CPU:total 8 (4 cores per cpu, 2 threads per core) family 6 model 42 stepping 7, cmov, cx8, fxsr, mmx, sse, sse2, sse3, ssse3, sse4.1, sse4.2, popcnt, avx, ht, tsc, tscinvbit

Memory: 4k page, physical 8371308k(1416708k free), swap 10790100k(2083736k free)

vm_info: Java HotSpot(TM) Client VM (23.21-b01) for windows-x86 JRE (1.7.0_21-b11), built on Apr  4 2013 04:43:10 by "java_re" with unknown MS VC++:1600

time: Sun Feb 09 18:42:21 2014
elapsed time: 8 seconds

